Executed Command: help : Guild 844754896358998018; hexa testing server, Channel #purge-test (845338912800505896);
by Member 524722785302609941; Nebula#8747 (Nebula) with arguments "kick"

Executed Command: help : Guild 844754896358998018; hexa testing server, Channel #purge-test (845338912800505896);
by Member 524722785302609941; Nebula#8747 (Nebula) with arguments "ban"

Executed Command: ban : Guild 844754896358998018; hexa testing server, Channel #purge-test (845338912800505896);
by Member 524722785302609941; Nebula#8747 (Nebula) with arguments "arcan 0 testing"

Executed Command: ban : Guild 844754896358998018; hexa testing server, Channel #general (844754897362485259);
by Member 299707523370319883; Wumpus#9999 (Wumpus) with arguments "<@!653415202003615744>"

Error in  : Guild 780986840249401355; cubed testing server, Channel #general (780986840807112726) with exception 
	'DSharpPlus.CommandsNext.Exceptions.CommandNotFoundException: Specified command was not found.
Command name: restart'
by Member 299707523370319883; Wumpus#9999 (Wumpus) with arguments ""

Executed Command: ban : Guild 844754896358998018; hexa testing server, Channel #general (844754897362485259);
by Member 524722785302609941; Nebula#8747 (Nebula) with arguments "aperture 0 because"

Error in  : Guild 780986840249401355; cubed testing server, Channel #general (780986840807112726) with exception 
	'DSharpPlus.CommandsNext.Exceptions.CommandNotFoundException: Specified command was not found.
Command name: restart'
by Member 299707523370319883; Wumpus#9999 (Wumpus) with arguments ""

Error in Command: ban : Guild 844754896358998018; hexa testing server, Channel #general (844754897362485259) with exception 
	'System.ArgumentException: Could not find a suitable overload for the command.
	at DSharpPlus.CommandsNext.Command.ExecuteAsync(CommandContext ctx)'
by Member 256569460981366784; Arcan#0001 (Arcan) with arguments ""

Executed Command: help : Guild 844754896358998018; hexa testing server, Channel #general (844754897362485259);
by Member 256569460981366784; Arcan#0001 (Arcan) with arguments ""

Executed Command: help : Guild 844754896358998018; hexa testing server, Channel #general (844754897362485259);
by Member 256569460981366784; Arcan#0001 (Arcan) with arguments "ban"

Executed Command: help : Guild 844754896358998018; hexa testing server, Channel #general (844754897362485259);
by Member 256569460981366784; Arcan#0001 (Arcan) with arguments ""

Executed Command: help : Guild 844754896358998018; hexa testing server, Channel #general (844754897362485259);
by Member 256569460981366784; Arcan#0001 (Arcan) with arguments "kick"

Error in Command: help : Guild 844754896358998018; hexa testing server, Channel #general (844754897362485259) with exception 
	'DSharpPlus.CommandsNext.Exceptions.ChecksFailedException: One or more pre-execution checks failed.
	at DSharpPlus.CommandsNext.CommandsNextExtension.DefaultHelpModule.DefaultHelpAsync(CommandContext ctx, String[] command)
	at DSharpPlus.CommandsNext.Command.ExecuteAsync(CommandContext ctx)'
by Member 256569460981366784; Arcan#0001 (Arcan) with arguments "ai"

Executed Command: help : Guild 844754896358998018; hexa testing server, Channel #general (844754897362485259);
by Member 256569460981366784; Arcan#0001 (Arcan) with arguments "activity"

Error in Command: ping : Guild 844754896358998018; hexa testing server, Channel #general (844754897362485259) with exception 
	'DSharpPlus.CommandsNext.Exceptions.ChecksFailedException: One or more pre-execution checks failed.
	at DSharpPlus.CommandsNext.CommandsNextExtension.RunAllChecksAsync(Command cmd, CommandContext ctx)
	at DSharpPlus.CommandsNext.CommandsNextExtension.ExecuteCommandAsync(CommandContext ctx)'
by Member 256569460981366784; Arcan#0001 (Arcan) with arguments ""

Error in Command: ping : Guild 844754896358998018; hexa testing server, Channel #general (844754897362485259) with exception 
	'DSharpPlus.CommandsNext.Exceptions.ChecksFailedException: One or more pre-execution checks failed.
	at DSharpPlus.CommandsNext.CommandsNextExtension.RunAllChecksAsync(Command cmd, CommandContext ctx)
	at DSharpPlus.CommandsNext.CommandsNextExtension.ExecuteCommandAsync(CommandContext ctx)'
by Member 256569460981366784; Arcan#0001 (Arcan) with arguments ""

Error in Command: ping : Guild 844754896358998018; hexa testing server, Channel #general (844754897362485259) with exception 
	'DSharpPlus.CommandsNext.Exceptions.ChecksFailedException: One or more pre-execution checks failed.
	at DSharpPlus.CommandsNext.CommandsNextExtension.RunAllChecksAsync(Command cmd, CommandContext ctx)
	at DSharpPlus.CommandsNext.CommandsNextExtension.ExecuteCommandAsync(CommandContext ctx)'
by Member 256569460981366784; Arcan#0001 (Arcan) with arguments ""

Error in Command: ping : Guild 844754896358998018; hexa testing server, Channel #general (844754897362485259) with exception 
	'DSharpPlus.CommandsNext.Exceptions.ChecksFailedException: One or more pre-execution checks failed.
	at DSharpPlus.CommandsNext.CommandsNextExtension.RunAllChecksAsync(Command cmd, CommandContext ctx)
	at DSharpPlus.CommandsNext.CommandsNextExtension.ExecuteCommandAsync(CommandContext ctx)'
by Member 256569460981366784; Arcan#0001 (Arcan) with arguments ""

Error in Command: ping : Guild 844754896358998018; hexa testing server, Channel #general (844754897362485259) with exception 
	'DSharpPlus.CommandsNext.Exceptions.ChecksFailedException: One or more pre-execution checks failed.
	at DSharpPlus.CommandsNext.CommandsNextExtension.RunAllChecksAsync(Command cmd, CommandContext ctx)
	at DSharpPlus.CommandsNext.CommandsNextExtension.ExecuteCommandAsync(CommandContext ctx)'
by Member 256569460981366784; Arcan#0001 (Arcan) with arguments ""

Error in Command: ping : Guild 844754896358998018; hexa testing server, Channel #general (844754897362485259) with exception 
	'DSharpPlus.CommandsNext.Exceptions.ChecksFailedException: One or more pre-execution checks failed.
	at DSharpPlus.CommandsNext.CommandsNextExtension.RunAllChecksAsync(Command cmd, CommandContext ctx)
	at DSharpPlus.CommandsNext.CommandsNextExtension.ExecuteCommandAsync(CommandContext ctx)'
by Member 256569460981366784; Arcan#0001 (Arcan) with arguments ""

Error in Command: ping : Guild 844754896358998018; hexa testing server, Channel #general (844754897362485259) with exception 
	'DSharpPlus.CommandsNext.Exceptions.ChecksFailedException: One or more pre-execution checks failed.
	at DSharpPlus.CommandsNext.CommandsNextExtension.RunAllChecksAsync(Command cmd, CommandContext ctx)
	at DSharpPlus.CommandsNext.CommandsNextExtension.ExecuteCommandAsync(CommandContext ctx)'
by Member 256569460981366784; Arcan#0001 (Arcan) with arguments ""

Error in Command: ping : Guild 844754896358998018; hexa testing server, Channel #general (844754897362485259) with exception 
	'DSharpPlus.CommandsNext.Exceptions.ChecksFailedException: One or more pre-execution checks failed.
	at DSharpPlus.CommandsNext.CommandsNextExtension.RunAllChecksAsync(Command cmd, CommandContext ctx)
	at DSharpPlus.CommandsNext.CommandsNextExtension.ExecuteCommandAsync(CommandContext ctx)'
by Member 256569460981366784; Arcan#0001 (Arcan) with arguments ""

Error in Command: ping : Guild 844754896358998018; hexa testing server, Channel #general (844754897362485259) with exception 
	'DSharpPlus.CommandsNext.Exceptions.ChecksFailedException: One or more pre-execution checks failed.
	at DSharpPlus.CommandsNext.CommandsNextExtension.RunAllChecksAsync(Command cmd, CommandContext ctx)
	at DSharpPlus.CommandsNext.CommandsNextExtension.ExecuteCommandAsync(CommandContext ctx)'
by Member 256569460981366784; Arcan#0001 (Arcan) with arguments ""

Error in  : Guild 844754896358998018; hexa testing server, Channel #general (844754897362485259) with exception 
	'DSharpPlus.CommandsNext.Exceptions.CommandNotFoundException: Specified command was not found.
Command name: ping-ping'
by Member 256569460981366784; Arcan#0001 (Arcan) with arguments ""

Executed Command: ping : Guild 844754896358998018; hexa testing server, Channel #general (844754897362485259);
by Member 256569460981366784; Arcan#0001 (Arcan) with arguments ""

