Error in Command: purge : , Channel 845310279595196416 with exception 
	'System.NullReferenceException: Object reference not set to an instance of an object.
	at Hexa.Attributes.AdminOnlyAttribute.ExecuteCheckAsync(CommandContext ctx, Boolean help) in /workspaces/dsharp/Hexa/Attributes/AdminOnly.cs:line 20
	at DSharpPlus.CommandsNext.Command.RunChecksAsync(CommandContext ctx, Boolean help)
	at DSharpPlus.CommandsNext.CommandsNextExtension.RunAllChecksAsync(Command cmd, CommandContext ctx)
	at DSharpPlus.CommandsNext.CommandsNextExtension.ExecuteCommandAsync(CommandContext ctx)'
by User 524722785302609941; Nebula#8747 with arguments "2"

Executed Command: purge : Guild 844754896358998018; hexa testing server, Channel #purge-test (845338912800505896);
by Member 524722785302609941; Nebula#8747 (Nebula) with arguments "2"

Executed Command: autocomplete : , Channel 845310279595196416;
by User 524722785302609941; Nebula#8747 with arguments "The new restaurant on main street"

Executed Command: autocomplete : , Channel 845310279595196416;
by User 524722785302609941; Nebula#8747 with arguments "I like apples because"

Executed Command: autocomplete : , Channel 845310279595196416;
by User 524722785302609941; Nebula#8747 with arguments "i'm making a discord bot called cubed"

Executed Command: autocomplete : , Channel 845310279595196416;
by User 524722785302609941; Nebula#8747 with arguments "My name is Hexa"

Error in  : Guild 780986840249401355; cubed testing server, Channel #general (780986840807112726) with exception 
	'DSharpPlus.CommandsNext.Exceptions.CommandNotFoundException: Specified command was not found.
Command name: restart'
by Member 299707523370319883; Wumpus#9999 (Wumpus) with arguments ""

Error in  : Guild 780986840249401355; cubed testing server, Channel #general (780986840807112726) with exception 
	'DSharpPlus.CommandsNext.Exceptions.CommandNotFoundException: Specified command was not found.
Command name: servers'
by Member 299707523370319883; Wumpus#9999 (Wumpus) with arguments ""

