Error in  : Guild 780986840249401355; cubed testing server, Channel #general (780986840807112726) with exception 
	'DSharpPlus.CommandsNext.Exceptions.CommandNotFoundException: Specified command was not found.
Command name: restart'
by Member 299707523370319883; Wumpus#9999 (Wumpus) with arguments ""

Error in  : Guild 780986840249401355; cubed testing server, Channel #general (780986840807112726) with exception 
	'DSharpPlus.CommandsNext.Exceptions.CommandNotFoundException: Specified command was not found.
Command name: restart'
by Member 299707523370319883; Wumpus#9999 (Wumpus) with arguments ""

Error in  : Guild 780986840249401355; cubed testing server, Channel #general (780986840807112726) with exception 
	'DSharpPlus.CommandsNext.Exceptions.CommandNotFoundException: Specified command was not found.
Command name: servers'
by Member 299707523370319883; Wumpus#9999 (Wumpus) with arguments ""

Executed Command: help : Guild 780986840249401355; cubed testing server, Channel #general (780986840807112726);
by Member 299707523370319883; Wumpus#9999 (Wumpus) with arguments ""

Error in  : Guild 780986840249401355; cubed testing server, Channel #general (780986840807112726) with exception 
	'DSharpPlus.CommandsNext.Exceptions.CommandNotFoundException: Specified command was not found.
Command name: derive'
by Member 299707523370319883; Wumpus#9999 (Wumpus) with arguments ""

Error in  : Guild 780986840249401355; cubed testing server, Channel #general (780986840807112726) with exception 
	'DSharpPlus.CommandsNext.Exceptions.CommandNotFoundException: Specified command was not found.
Command name: calc'
by Member 299707523370319883; Wumpus#9999 (Wumpus) with arguments ""

Error in  : Guild 780986840249401355; cubed testing server, Channel #general (780986840807112726) with exception 
	'DSharpPlus.CommandsNext.Exceptions.CommandNotFoundException: Specified command was not found.
Command name: calc'
by Member 299707523370319883; Wumpus#9999 (Wumpus) with arguments ""

Error in  : Guild 780986840249401355; cubed testing server, Channel #general (780986840807112726) with exception 
	'DSharpPlus.CommandsNext.Exceptions.CommandNotFoundException: Specified command was not found.
Command name: calc'
by Member 299707523370319883; Wumpus#9999 (Wumpus) with arguments ""

Error in  : Guild 780986840249401355; cubed testing server, Channel #general (780986840807112726) with exception 
	'DSharpPlus.CommandsNext.Exceptions.CommandNotFoundException: Specified command was not found.
Command name: calc'
by Member 299707523370319883; Wumpus#9999 (Wumpus) with arguments ""

Error in  : Guild 780986840249401355; cubed testing server, Channel #general (780986840807112726) with exception 
	'DSharpPlus.CommandsNext.Exceptions.CommandNotFoundException: Specified command was not found.
Command name: calc'
by Member 299707523370319883; Wumpus#9999 (Wumpus) with arguments ""

Error in  : Guild 780986840249401355; cubed testing server, Channel #general (780986840807112726) with exception 
	'DSharpPlus.CommandsNext.Exceptions.CommandNotFoundException: Specified command was not found.
Command name: calc'
by Member 299707523370319883; Wumpus#9999 (Wumpus) with arguments ""

Error in  : Guild 780986840249401355; cubed testing server, Channel #general (780986840807112726) with exception 
	'DSharpPlus.CommandsNext.Exceptions.CommandNotFoundException: Specified command was not found.
Command name: calc'
by Member 299707523370319883; Wumpus#9999 (Wumpus) with arguments ""

Error in  : Guild 780986840249401355; cubed testing server, Channel #general (780986840807112726) with exception 
	'DSharpPlus.CommandsNext.Exceptions.CommandNotFoundException: Specified command was not found.
Command name: derive'
by Member 299707523370319883; Wumpus#9999 (Wumpus) with arguments ""

Error in  : Guild 780986840249401355; cubed testing server, Channel #general (780986840807112726) with exception 
	'DSharpPlus.CommandsNext.Exceptions.CommandNotFoundException: Specified command was not found.
Command name: derive'
by Member 256569460981366784; Arcan#0001 (computer) with arguments ""

Error in  : Guild 780986840249401355; cubed testing server, Channel #general (780986840807112726) with exception 
	'DSharpPlus.CommandsNext.Exceptions.CommandNotFoundException: Specified command was not found.
Command name: derive'
by Member 299707523370319883; Wumpus#9999 (Wumpus) with arguments ""

Error in  : Guild 780986840249401355; cubed testing server, Channel #general (780986840807112726) with exception 
	'DSharpPlus.CommandsNext.Exceptions.CommandNotFoundException: Specified command was not found.
Command name: derive'
by Member 256569460981366784; Arcan#0001 (computer) with arguments ""

Error in  : Guild 780986840249401355; cubed testing server, Channel #general (780986840807112726) with exception 
	'DSharpPlus.CommandsNext.Exceptions.CommandNotFoundException: Specified command was not found.
Command name: derive'
by Member 256569460981366784; Arcan#0001 (computer) with arguments ""

Error in  : Guild 780986840249401355; cubed testing server, Channel #general (780986840807112726) with exception 
	'DSharpPlus.CommandsNext.Exceptions.CommandNotFoundException: Specified command was not found.
Command name: derive'
by Member 256569460981366784; Arcan#0001 (computer) with arguments ""

Executed Command: help : , Channel 845310279595196416;
by User 524722785302609941; Nebula#8747 with arguments ""

Executed Command: help : Guild 844754896358998018; hexa testing server, Channel #general (844754897362485259);
by Member 524722785302609941; Nebula#8747 (Nebula) with arguments ""

Executed Command: help : Guild 844754896358998018; hexa testing server, Channel #general (844754897362485259);
by Member 524722785302609941; Nebula#8747 (Nebula) with arguments ""

