Executed Command: help : Guild 844754896358998018; hexa testing server, Channel #general (844754897362485259);
by Member 256569460981366784; Arcan#0001 (Arcan) with arguments ""

Error in Command: autocomplete : Guild 844754896358998018; hexa testing server, Channel #general (844754897362485259) with exception 
	'DSharpPlus.CommandsNext.Exceptions.ChecksFailedException: One or more pre-execution checks failed.
	at DSharpPlus.CommandsNext.CommandsNextExtension.RunAllChecksAsync(Command cmd, CommandContext ctx)
	at DSharpPlus.CommandsNext.CommandsNextExtension.ExecuteCommandAsync(CommandContext ctx)'
by Member 256569460981366784; Arcan#0001 (Arcan) with arguments ""

Error in Command: autocomplete : Guild 844754896358998018; hexa testing server, Channel #general (844754897362485259) with exception 
	'DSharpPlus.CommandsNext.Exceptions.ChecksFailedException: One or more pre-execution checks failed.
	at DSharpPlus.CommandsNext.CommandsNextExtension.RunAllChecksAsync(Command cmd, CommandContext ctx)
	at DSharpPlus.CommandsNext.CommandsNextExtension.ExecuteCommandAsync(CommandContext ctx)'
by Member 256569460981366784; Arcan#0001 (Arcan) with arguments ""

Error in Command: autocomplete : Guild 844754896358998018; hexa testing server, Channel #general (844754897362485259) with exception 
	'DSharpPlus.CommandsNext.Exceptions.ChecksFailedException: One or more pre-execution checks failed.
	at DSharpPlus.CommandsNext.CommandsNextExtension.RunAllChecksAsync(Command cmd, CommandContext ctx)
	at DSharpPlus.CommandsNext.CommandsNextExtension.ExecuteCommandAsync(CommandContext ctx)'
by Member 256569460981366784; Arcan#0001 (Arcan) with arguments ""

Error in Command: autocomplete : Guild 844754896358998018; hexa testing server, Channel #general (844754897362485259) with exception 
	'DSharpPlus.CommandsNext.Exceptions.ChecksFailedException: One or more pre-execution checks failed.
	at DSharpPlus.CommandsNext.CommandsNextExtension.RunAllChecksAsync(Command cmd, CommandContext ctx)
	at DSharpPlus.CommandsNext.CommandsNextExtension.ExecuteCommandAsync(CommandContext ctx)'
by Member 256569460981366784; Arcan#0001 (Arcan) with arguments ""

Error in Command: autocomplete : Guild 844754896358998018; hexa testing server, Channel #general (844754897362485259) with exception 
	'DSharpPlus.CommandsNext.Exceptions.ChecksFailedException: One or more pre-execution checks failed.
	at DSharpPlus.CommandsNext.CommandsNextExtension.RunAllChecksAsync(Command cmd, CommandContext ctx)
	at DSharpPlus.CommandsNext.CommandsNextExtension.ExecuteCommandAsync(CommandContext ctx)'
by Member 256569460981366784; Arcan#0001 (Arcan) with arguments ""

Error in Command: autocomplete : Guild 844754896358998018; hexa testing server, Channel #general (844754897362485259) with exception 
	'DSharpPlus.CommandsNext.Exceptions.ChecksFailedException: One or more pre-execution checks failed.
	at DSharpPlus.CommandsNext.CommandsNextExtension.RunAllChecksAsync(Command cmd, CommandContext ctx)
	at DSharpPlus.CommandsNext.CommandsNextExtension.ExecuteCommandAsync(CommandContext ctx)'
by Member 256569460981366784; Arcan#0001 (Arcan) with arguments ""

Error in Command: autocomplete : Guild 844754896358998018; hexa testing server, Channel #general (844754897362485259) with exception 
	'DSharpPlus.CommandsNext.Exceptions.ChecksFailedException: One or more pre-execution checks failed.
	at DSharpPlus.CommandsNext.CommandsNextExtension.RunAllChecksAsync(Command cmd, CommandContext ctx)
	at DSharpPlus.CommandsNext.CommandsNextExtension.ExecuteCommandAsync(CommandContext ctx)'
by Member 256569460981366784; Arcan#0001 (Arcan) with arguments ""

Error in Command: autocomplete : Guild 844754896358998018; hexa testing server, Channel #general (844754897362485259) with exception 
	'DSharpPlus.CommandsNext.Exceptions.ChecksFailedException: One or more pre-execution checks failed.
	at DSharpPlus.CommandsNext.CommandsNextExtension.RunAllChecksAsync(Command cmd, CommandContext ctx)
	at DSharpPlus.CommandsNext.CommandsNextExtension.ExecuteCommandAsync(CommandContext ctx)'
by Member 256569460981366784; Arcan#0001 (Arcan) with arguments ""

Error in Command: autocomplete : Guild 844754896358998018; hexa testing server, Channel #general (844754897362485259) with exception 
	'DSharpPlus.CommandsNext.Exceptions.ChecksFailedException: One or more pre-execution checks failed.
	at DSharpPlus.CommandsNext.CommandsNextExtension.RunAllChecksAsync(Command cmd, CommandContext ctx)
	at DSharpPlus.CommandsNext.CommandsNextExtension.ExecuteCommandAsync(CommandContext ctx)'
by Member 256569460981366784; Arcan#0001 (Arcan) with arguments ""

Error in Command: autocomplete : Guild 844754896358998018; hexa testing server, Channel #general (844754897362485259) with exception 
	'DSharpPlus.CommandsNext.Exceptions.ChecksFailedException: One or more pre-execution checks failed.
	at DSharpPlus.CommandsNext.CommandsNextExtension.RunAllChecksAsync(Command cmd, CommandContext ctx)
	at DSharpPlus.CommandsNext.CommandsNextExtension.ExecuteCommandAsync(CommandContext ctx)'
by Member 256569460981366784; Arcan#0001 (Arcan) with arguments ""

Error in Command: autocomplete : Guild 844754896358998018; hexa testing server, Channel #general (844754897362485259) with exception 
	'DSharpPlus.CommandsNext.Exceptions.ChecksFailedException: One or more pre-execution checks failed.
	at DSharpPlus.CommandsNext.CommandsNextExtension.RunAllChecksAsync(Command cmd, CommandContext ctx)
	at DSharpPlus.CommandsNext.CommandsNextExtension.ExecuteCommandAsync(CommandContext ctx)'
by Member 256569460981366784; Arcan#0001 (Arcan) with arguments ""

Error in Command: autocomplete : Guild 844754896358998018; hexa testing server, Channel #general (844754897362485259) with exception 
	'DSharpPlus.CommandsNext.Exceptions.ChecksFailedException: One or more pre-execution checks failed.
	at DSharpPlus.CommandsNext.CommandsNextExtension.RunAllChecksAsync(Command cmd, CommandContext ctx)
	at DSharpPlus.CommandsNext.CommandsNextExtension.ExecuteCommandAsync(CommandContext ctx)'
by Member 256569460981366784; Arcan#0001 (Arcan) with arguments ""

Error in Command: autocomplete : Guild 844754896358998018; hexa testing server, Channel #general (844754897362485259) with exception 
	'DSharpPlus.CommandsNext.Exceptions.ChecksFailedException: One or more pre-execution checks failed.
	at DSharpPlus.CommandsNext.CommandsNextExtension.RunAllChecksAsync(Command cmd, CommandContext ctx)
	at DSharpPlus.CommandsNext.CommandsNextExtension.ExecuteCommandAsync(CommandContext ctx)'
by Member 256569460981366784; Arcan#0001 (Arcan) with arguments ""

Error in Command: autocomplete : Guild 844754896358998018; hexa testing server, Channel #general (844754897362485259) with exception 
	'DSharpPlus.CommandsNext.Exceptions.ChecksFailedException: One or more pre-execution checks failed.
	at DSharpPlus.CommandsNext.CommandsNextExtension.RunAllChecksAsync(Command cmd, CommandContext ctx)
	at DSharpPlus.CommandsNext.CommandsNextExtension.ExecuteCommandAsync(CommandContext ctx)'
by Member 256569460981366784; Arcan#0001 (Arcan) with arguments ""

Error in Command: autocomplete : Guild 844754896358998018; hexa testing server, Channel #general (844754897362485259) with exception 
	'DeepAI.DeepAIError: Unknown value type for form data key: text
	at DeepAI.DeepAI_API.makeMultipartRequest(String url_path, String method, Dictionary`2 dataObjectForForm)
	at DeepAI.DeepAI_API.stringApiCallMultipartForm(String url_path, String method, Dictionary`2 dataObjectForForm)
	at DeepAI.DeepAI_API.callStandardApi(String model, Object inputs_and_options)
	at Hexa.Modules.TextCompletionModule.TextCompletionCommand(CommandContext ctx, String text) in /workspaces/dsharp/Hexa/Modules/TextCompletionModule.cs:line 23
	at DSharpPlus.CommandsNext.Command.ExecuteAsync(CommandContext ctx)'
by Member 256569460981366784; Arcan#0001 (Arcan) with arguments ""

Error in Command: autocomplete : Guild 844754896358998018; hexa testing server, Channel #general (844754897362485259) with exception 
	'DeepAI.DeepAIError: Unknown value type for form data key: text
	at DeepAI.DeepAI_API.makeMultipartRequest(String url_path, String method, Dictionary`2 dataObjectForForm)
	at DeepAI.DeepAI_API.stringApiCallMultipartForm(String url_path, String method, Dictionary`2 dataObjectForForm)
	at DeepAI.DeepAI_API.callStandardApi(String model, Object inputs_and_options)
	at Hexa.Modules.TextCompletionModule.TextCompletionCommand(CommandContext ctx, String text) in /workspaces/dsharp/Hexa/Modules/TextCompletionModule.cs:line 23
	at DSharpPlus.CommandsNext.Command.ExecuteAsync(CommandContext ctx)'
by Member 256569460981366784; Arcan#0001 (Arcan) with arguments ""

