Error in Command: autocomplete : Guild 844754896358998018; hexa testing server, Channel #general (844754897362485259) with exception 
	'DeepAI.DeepAIError: Web Error: {"status": "Please activate your account by clicking the link we sent in the verification to your signup email address."}
	at DeepAI.DeepAI_API.stringApiCallMultipartForm(String url_path, String method, Dictionary`2 dataObjectForForm)
	at DeepAI.DeepAI_API.callStandardApi(String model, Object inputs_and_options)
	at Hexa.Modules.TextCompletionModule.TextCompletionCommand(CommandContext ctx, String text) in /workspaces/dsharp/Hexa/Modules/TextCompletionModule.cs:line 23
	at DSharpPlus.CommandsNext.Command.ExecuteAsync(CommandContext ctx)'
by Member 524722785302609941; Nebula#8747 (Nebula) with arguments "the moon landing"

Executed Command: autocomplete : Guild 844754896358998018; hexa testing server, Channel #general (844754897362485259);
by Member 524722785302609941; Nebula#8747 (Nebula) with arguments "the moon landing"

Executed Command: autocomplete : Guild 844754896358998018; hexa testing server, Channel #general (844754897362485259);
by Member 256569460981366784; Arcan#0001 (Arcan) with arguments "furry"

Executed Command: autocomplete : Guild 844754896358998018; hexa testing server, Channel #general (844754897362485259);
by Member 299707523370319883; Wumpus#9999 (Wumpus) with arguments "furry"

Executed Command: autocomplete : Guild 844754896358998018; hexa testing server, Channel #general (844754897362485259);
by Member 524722785302609941; Nebula#8747 (Nebula) with arguments "the quick brown fox jumped over the lazy dog"

Error in Command: autocomplete : Guild 844754896358998018; hexa testing server, Channel #general (844754897362485259) with exception 
	'DSharpPlus.CommandsNext.Exceptions.ChecksFailedException: One or more pre-execution checks failed.
	at DSharpPlus.CommandsNext.CommandsNextExtension.RunAllChecksAsync(Command cmd, CommandContext ctx)
	at DSharpPlus.CommandsNext.CommandsNextExtension.ExecuteCommandAsync(CommandContext ctx)'
by Member 256569460981366784; Arcan#0001 (Arcan) with arguments "furries"

Executed Command: help : Guild 844754896358998018; hexa testing server, Channel #general (844754897362485259);
by Member 524722785302609941; Nebula#8747 (Nebula) with arguments "ai"

Executed Command: help : Guild 844754896358998018; hexa testing server, Channel #general (844754897362485259);
by Member 256569460981366784; Arcan#0001 (Arcan) with arguments ""

Executed Command: ping : Guild 844754896358998018; hexa testing server, Channel #general (844754897362485259);
by Member 256569460981366784; Arcan#0001 (Arcan) with arguments ""

Executed Command: ping : Guild 844754896358998018; hexa testing server, Channel #general (844754897362485259);
by Member 524722785302609941; Nebula#8747 (Nebula) with arguments ""

Executed Command: settings : Guild 780986840249401355; cubed testing server, Channel #general (780986840807112726);
by Member 256569460981366784; Arcan#0001 (computer) with arguments "serverprefix >"

Executed Command: purge : Guild 780986840249401355; cubed testing server, Channel #general (780986840807112726);
by Member 524722785302609941; Nebula#8747 (Nebula) with arguments "2"

Executed Command: ping : Guild 780986840249401355; cubed testing server, Channel #general (780986840807112726);
by Member 524722785302609941; Nebula#8747 (Nebula) with arguments ""

Executed Command: ping : Guild 780986840249401355; cubed testing server, Channel #general (780986840807112726);
by Member 524722785302609941; Nebula#8747 (Nebula) with arguments ""

Executed Command: ping : Guild 780986840249401355; cubed testing server, Channel #general (780986840807112726);
by Member 524722785302609941; Nebula#8747 (Nebula) with arguments ""

Executed Command: ping : Guild 780986840249401355; cubed testing server, Channel #general (780986840807112726);
by Member 524722785302609941; Nebula#8747 (Nebula) with arguments ""

Executed Command: ping : Guild 780986840249401355; cubed testing server, Channel #general (780986840807112726);
by Member 524722785302609941; Nebula#8747 (Nebula) with arguments ""

Executed Command: ping : Guild 780986840249401355; cubed testing server, Channel #general (780986840807112726);
by Member 256569460981366784; Arcan#0001 (computer) with arguments ""

Error in Command: ping : Guild 780986840249401355; cubed testing server, Channel #general (780986840807112726) with exception 
	'DSharpPlus.CommandsNext.Exceptions.ChecksFailedException: One or more pre-execution checks failed.
	at DSharpPlus.CommandsNext.CommandsNextExtension.RunAllChecksAsync(Command cmd, CommandContext ctx)
	at DSharpPlus.CommandsNext.CommandsNextExtension.ExecuteCommandAsync(CommandContext ctx)'
by Member 256569460981366784; Arcan#0001 (computer) with arguments ""

Error in  : Guild 780986840249401355; cubed testing server, Channel #general (780986840807112726) with exception 
	'DSharpPlus.CommandsNext.Exceptions.CommandNotFoundException: Specified command was not found.
Command name: count'
by Member 256569460981366784; Arcan#0001 (computer) with arguments ""

Error in  : Guild 780986840249401355; cubed testing server, Channel #general (780986840807112726) with exception 
	'DSharpPlus.CommandsNext.Exceptions.CommandNotFoundException: Specified command was not found.
Command name: count'
by Member 256569460981366784; Arcan#0001 (computer) with arguments ""

Error in  : Guild 780986840249401355; cubed testing server, Channel #general (780986840807112726) with exception 
	'DSharpPlus.CommandsNext.Exceptions.CommandNotFoundException: Specified command was not found.
Command name: count'
by Member 256569460981366784; Arcan#0001 (computer) with arguments ""

Error in  : Guild 780986840249401355; cubed testing server, Channel #general (780986840807112726) with exception 
	'DSharpPlus.CommandsNext.Exceptions.CommandNotFoundException: Specified command was not found.
Command name: count'
by Member 256569460981366784; Arcan#0001 (computer) with arguments ""

Error in  : Guild 780986840249401355; cubed testing server, Channel #general (780986840807112726) with exception 
	'DSharpPlus.CommandsNext.Exceptions.CommandNotFoundException: Specified command was not found.
Command name: count'
by Member 256569460981366784; Arcan#0001 (computer) with arguments ""

Error in  : Guild 780986840249401355; cubed testing server, Channel #general (780986840807112726) with exception 
	'DSharpPlus.CommandsNext.Exceptions.CommandNotFoundException: Specified command was not found.
Command name: count'
by Member 256569460981366784; Arcan#0001 (computer) with arguments ""

Error in  : Guild 780986840249401355; cubed testing server, Channel #general (780986840807112726) with exception 
	'DSharpPlus.CommandsNext.Exceptions.CommandNotFoundException: Specified command was not found.
Command name: count'
by Member 256569460981366784; Arcan#0001 (computer) with arguments ""

Executed Command: purge : Guild 780986840249401355; cubed testing server, Channel #general (780986840807112726);
by Member 524722785302609941; Nebula#8747 (Nebula) with arguments "10"

Error in Command: ban : Guild 780986840249401355; cubed testing server, Channel #general (780986840807112726) with exception 
	'System.ArgumentException: Could not find a suitable overload for the command.
	at DSharpPlus.CommandsNext.Command.ExecuteAsync(CommandContext ctx)'
by Member 299707523370319883; Wumpus#9999 (Wumpus) with arguments ""

Executed Command: purge : Guild 780986840249401355; cubed testing server, Channel #general (780986840807112726);
by Member 524722785302609941; Nebula#8747 (Nebula) with arguments "1"

Executed Command: autocomplete : Guild 780986840249401355; cubed testing server, Channel #general (780986840807112726);
by Member 524722785302609941; Nebula#8747 (Nebula) with arguments "Whats an arcan"

Executed Command: purge : Guild 780986840249401355; cubed testing server, Channel #general (780986840807112726);
by Member 299707523370319883; Wumpus#9999 (Wumpus) with arguments "1"

Executed Command: autocomplete : Guild 780986840249401355; cubed testing server, Channel #general (780986840807112726);
by Member 524722785302609941; Nebula#8747 (Nebula) with arguments "furries"

Executed Command: sayd : Guild 780986840249401355; cubed testing server, Channel #general (780986840807112726);
by Member 524722785302609941; Nebula#8747 (Nebula) with arguments "<@!704823131549860000>"

