Error in Command: sendpaginated : Guild 844754896358998018; hexa testing server, Channel #general (844754897362485259) with exception 
	'DSharpPlus.CommandsNext.Exceptions.ChecksFailedException: One or more pre-execution checks failed.
	at DSharpPlus.CommandsNext.CommandsNextExtension.RunAllChecksAsync(Command cmd, CommandContext ctx)
	at DSharpPlus.CommandsNext.CommandsNextExtension.ExecuteCommandAsync(CommandContext ctx)'
by Member 299707523370319883; Wumpus#9999 (Wumpus) with arguments ""

Error in Command: sendpaginated : Guild 844754896358998018; hexa testing server, Channel #general (844754897362485259) with exception 
	'DSharpPlus.CommandsNext.Exceptions.ChecksFailedException: One or more pre-execution checks failed.
	at DSharpPlus.CommandsNext.CommandsNextExtension.RunAllChecksAsync(Command cmd, CommandContext ctx)
	at DSharpPlus.CommandsNext.CommandsNextExtension.ExecuteCommandAsync(CommandContext ctx)'
by Member 299707523370319883; Wumpus#9999 (Wumpus) with arguments ""

Error in Command: sendpaginated : Guild 844754896358998018; hexa testing server, Channel #general (844754897362485259) with exception 
	'DSharpPlus.CommandsNext.Exceptions.ChecksFailedException: One or more pre-execution checks failed.
	at DSharpPlus.CommandsNext.CommandsNextExtension.RunAllChecksAsync(Command cmd, CommandContext ctx)
	at DSharpPlus.CommandsNext.CommandsNextExtension.ExecuteCommandAsync(CommandContext ctx)'
by Member 299707523370319883; Wumpus#9999 (Wumpus) with arguments ""

Executed Command: sendpaginated : Guild 844754896358998018; hexa testing server, Channel #general (844754897362485259);
by Member 299707523370319883; Wumpus#9999 (Wumpus) with arguments ""

Error in  : Guild 844754896358998018; hexa testing server, Channel #general (844754897362485259) with exception 
	'DSharpPlus.CommandsNext.Exceptions.CommandNotFoundException: Specified command was not found.
Command name: waitcode'
by Member 524722785302609941; Nebula#8747 (Nebula) with arguments ""

Executed Command: waitforcode : Guild 844754896358998018; hexa testing server, Channel #general (844754897362485259);
by Member 524722785302609941; Nebula#8747 (Nebula) with arguments ""

Executed Command: waitforcode : Guild 844754896358998018; hexa testing server, Channel #general (844754897362485259);
by Member 299707523370319883; Wumpus#9999 (Wumpus) with arguments ""

Executed Command: waitforreact : Guild 844754896358998018; hexa testing server, Channel #general (844754897362485259);
by Member 524722785302609941; Nebula#8747 (Nebula) with arguments ""

Executed Command: waitfortyping : Guild 844754896358998018; hexa testing server, Channel #general (844754897362485259);
by Member 524722785302609941; Nebula#8747 (Nebula) with arguments ""

Error in Command: poll : Guild 844754896358998018; hexa testing server, Channel #general (844754897362485259) with exception 
	'System.ArgumentException: Could not find a suitable overload for the command.
	at DSharpPlus.CommandsNext.Command.ExecuteAsync(CommandContext ctx)'
by Member 524722785302609941; Nebula#8747 (Nebula) with arguments ""

Executed Command: waitfortyping : Guild 844754896358998018; hexa testing server, Channel #general (844754897362485259);
by Member 256569460981366784; Arcan#0001 (Arcan) with arguments ""

Error in Command: poll : Guild 844754896358998018; hexa testing server, Channel #general (844754897362485259) with exception 
	'System.ArgumentException: Could not find a suitable overload for the command.
	at DSharpPlus.CommandsNext.Command.ExecuteAsync(CommandContext ctx)'
by Member 524722785302609941; Nebula#8747 (Nebula) with arguments "5m testing"

Executed Command: waitforcode : Guild 844754896358998018; hexa testing server, Channel #general (844754897362485259);
by Member 256569460981366784; Arcan#0001 (Arcan) with arguments ""

Executed Command: help : Guild 844754896358998018; hexa testing server, Channel #general (844754897362485259);
by Member 524722785302609941; Nebula#8747 (Nebula) with arguments "poll"

Error in  : Guild 844754896358998018; hexa testing server, Channel #general (844754897362485259) with exception 
	'DSharpPlus.CommandsNext.Exceptions.CommandNotFoundException: Specified command was not found.
Command name: hepl'
by Member 256569460981366784; Arcan#0001 (Arcan) with arguments ""

Executed Command: help : Guild 844754896358998018; hexa testing server, Channel #general (844754897362485259);
by Member 256569460981366784; Arcan#0001 (Arcan) with arguments ""

Error in Command: poll : Guild 844754896358998018; hexa testing server, Channel #general (844754897362485259) with exception 
	'System.ArgumentException: Could not find a suitable overload for the command.
	at DSharpPlus.CommandsNext.Command.ExecuteAsync(CommandContext ctx)'
by Member 256569460981366784; Arcan#0001 (Arcan) with arguments ""

Executed Command: settings : Guild 844754896358998018; hexa testing server, Channel #general (844754897362485259);
by Member 256569460981366784; Arcan#0001 (Arcan) with arguments ""

Executed Command: settings : Guild 844754896358998018; hexa testing server, Channel #general (844754897362485259);
by Member 256569460981366784; Arcan#0001 (Arcan) with arguments "mod enable"

Error in Command: poll : Guild 844754896358998018; hexa testing server, Channel #general (844754897362485259) with exception 
	'System.ArgumentException: Could not find a suitable overload for the command.
	at DSharpPlus.CommandsNext.Command.ExecuteAsync(CommandContext ctx)'
by Member 524722785302609941; Nebula#8747 (Nebula) with arguments "5m :check:❌"

Executed Command: poll : Guild 844754896358998018; hexa testing server, Channel #general (844754897362485259);
by Member 524722785302609941; Nebula#8747 (Nebula) with arguments "5s ✅ ❌"

Executed Command: sendpaginated : Guild 844754896358998018; hexa testing server, Channel #general (844754897362485259);
by Member 299707523370319883; Wumpus#9999 (Wumpus) with arguments ""

Executed Command: sendpaginated : Guild 844754896358998018; hexa testing server, Channel #general (844754897362485259);
by Member 299707523370319883; Wumpus#9999 (Wumpus) with arguments ""

Executed Command: sendpaginated : Guild 844754896358998018; hexa testing server, Channel #general (844754897362485259);
by Member 299707523370319883; Wumpus#9999 (Wumpus) with arguments ""

Executed Command: poll : Guild 844754896358998018; hexa testing server, Channel #general (844754897362485259);
by Member 524722785302609941; Nebula#8747 (Nebula) with arguments "5m ✅ ❌"

