Error in Command: autocomplete : Guild 844754896358998018; hexa testing server, Channel #general (844754897362485259) with exception 
	'DeepAI.DeepAIError: Unknown value type for form data key: text
	at DeepAI.DeepAI_API.makeMultipartRequest(String url_path, String method, Dictionary`2 dataObjectForForm)
	at DeepAI.DeepAI_API.stringApiCallMultipartForm(String url_path, String method, Dictionary`2 dataObjectForForm)
	at DeepAI.DeepAI_API.callStandardApi(String model, Object inputs_and_options)
	at Hexa.Modules.TextCompletionModule.TextCompletionCommand(CommandContext ctx, String text) in /workspaces/dsharp/Hexa/Modules/TextCompletionModule.cs:line 23
	at DSharpPlus.CommandsNext.Command.ExecuteAsync(CommandContext ctx)'
by Member 299707523370319883; Wumpus#9999 (Wumpus) with arguments ""

Executed Command: ping : Guild 844754896358998018; hexa testing server, Channel #general (844754897362485259);
by Member 299707523370319883; Wumpus#9999 (Wumpus) with arguments ""

Executed Command: ping : Guild 844754896358998018; hexa testing server, Channel #general (844754897362485259);
by Member 299707523370319883; Wumpus#9999 (Wumpus) with arguments ""

Executed Command: ping : Guild 844754896358998018; hexa testing server, Channel #general (844754897362485259);
by Member 299707523370319883; Wumpus#9999 (Wumpus) with arguments ""

Executed Command: ping : Guild 844754896358998018; hexa testing server, Channel #general (844754897362485259);
by Member 299707523370319883; Wumpus#9999 (Wumpus) with arguments ""

Executed Command: ping : Guild 844754896358998018; hexa testing server, Channel #general (844754897362485259);
by Member 299707523370319883; Wumpus#9999 (Wumpus) with arguments ""

Executed Command: ping : Guild 844754896358998018; hexa testing server, Channel #general (844754897362485259);
by Member 299707523370319883; Wumpus#9999 (Wumpus) with arguments ""

Executed Command: ping : Guild 844754896358998018; hexa testing server, Channel #general (844754897362485259);
by Member 299707523370319883; Wumpus#9999 (Wumpus) with arguments ""

Executed Command: ping : Guild 844754896358998018; hexa testing server, Channel #general (844754897362485259);
by Member 299707523370319883; Wumpus#9999 (Wumpus) with arguments ""

Executed Command: ping : Guild 844754896358998018; hexa testing server, Channel #general (844754897362485259);
by Member 299707523370319883; Wumpus#9999 (Wumpus) with arguments ""

Executed Command: ping : Guild 844754896358998018; hexa testing server, Channel #general (844754897362485259);
by Member 299707523370319883; Wumpus#9999 (Wumpus) with arguments ""

Executed Command: ping : Guild 844754896358998018; hexa testing server, Channel #general (844754897362485259);
by Member 299707523370319883; Wumpus#9999 (Wumpus) with arguments ""

Executed Command: ping : Guild 844754896358998018; hexa testing server, Channel #general (844754897362485259);
by Member 299707523370319883; Wumpus#9999 (Wumpus) with arguments ""

Executed Command: ping : Guild 844754896358998018; hexa testing server, Channel #general (844754897362485259);
by Member 299707523370319883; Wumpus#9999 (Wumpus) with arguments ""

Executed Command: ping : Guild 844754896358998018; hexa testing server, Channel #general (844754897362485259);
by Member 299707523370319883; Wumpus#9999 (Wumpus) with arguments ""

Executed Command: ping : Guild 844754896358998018; hexa testing server, Channel #general (844754897362485259);
by Member 299707523370319883; Wumpus#9999 (Wumpus) with arguments ""

Executed Command: ping : Guild 844754896358998018; hexa testing server, Channel #general (844754897362485259);
by Member 299707523370319883; Wumpus#9999 (Wumpus) with arguments ""

Executed Command: ping : Guild 844754896358998018; hexa testing server, Channel #general (844754897362485259);
by Member 299707523370319883; Wumpus#9999 (Wumpus) with arguments ""

Executed Command: ping : Guild 844754896358998018; hexa testing server, Channel #general (844754897362485259);
by Member 299707523370319883; Wumpus#9999 (Wumpus) with arguments ""

Executed Command: ping : Guild 844754896358998018; hexa testing server, Channel #general (844754897362485259);
by Member 256569460981366784; Arcan#0001 (Arcan) with arguments ""

Executed Command: ping : Guild 844754896358998018; hexa testing server, Channel #general (844754897362485259);
by Member 256569460981366784; Arcan#0001 (Arcan) with arguments ""

Executed Command: ping : Guild 844754896358998018; hexa testing server, Channel #general (844754897362485259);
by Member 256569460981366784; Arcan#0001 (Arcan) with arguments ""

Executed Command: ping : Guild 844754896358998018; hexa testing server, Channel #general (844754897362485259);
by Member 256569460981366784; Arcan#0001 (Arcan) with arguments ""

Executed Command: ping : Guild 844754896358998018; hexa testing server, Channel #general (844754897362485259);
by Member 256569460981366784; Arcan#0001 (Arcan) with arguments ""

Executed Command: ping : Guild 844754896358998018; hexa testing server, Channel #general (844754897362485259);
by Member 256569460981366784; Arcan#0001 (Arcan) with arguments ""

Executed Command: ban : Guild 844754896358998018; hexa testing server, Channel #general (844754897362485259);
by Member 524722785302609941; Nebula#8747 (Nebula) with arguments "ryak 0 alt"

Executed Command: ban : Guild 844754896358998018; hexa testing server, Channel #general (844754897362485259);
by Member 524722785302609941; Nebula#8747 (Nebula) with arguments "ryak"

Executed Command: ping : Guild 844754896358998018; hexa testing server, Channel #general (844754897362485259);
by Member 846190775255564308; Ryak#9708 (Ryak) with arguments ""

Executed Command: ping : Guild 844754896358998018; hexa testing server, Channel #general (844754897362485259);
by Member 846190775255564308; Ryak#9708 (Ryak) with arguments ""

Executed Command: ping : Guild 844754896358998018; hexa testing server, Channel #general (844754897362485259);
by Member 846190775255564308; Ryak#9708 (Ryak) with arguments ""

Executed Command: ping : Guild 844754896358998018; hexa testing server, Channel #general (844754897362485259);
by Member 846190775255564308; Ryak#9708 (Ryak) with arguments ""

Error in Command: ping : Guild 844754896358998018; hexa testing server, Channel #general (844754897362485259) with exception 
	'DSharpPlus.CommandsNext.Exceptions.ChecksFailedException: One or more pre-execution checks failed.
	at DSharpPlus.CommandsNext.CommandsNextExtension.RunAllChecksAsync(Command cmd, CommandContext ctx)
	at DSharpPlus.CommandsNext.CommandsNextExtension.ExecuteCommandAsync(CommandContext ctx)'
by Member 846190775255564308; Ryak#9708 (Ryak) with arguments ""

Error in Command: ping : Guild 844754896358998018; hexa testing server, Channel #general (844754897362485259) with exception 
	'DSharpPlus.CommandsNext.Exceptions.ChecksFailedException: One or more pre-execution checks failed.
	at DSharpPlus.CommandsNext.CommandsNextExtension.RunAllChecksAsync(Command cmd, CommandContext ctx)
	at DSharpPlus.CommandsNext.CommandsNextExtension.ExecuteCommandAsync(CommandContext ctx)'
by Member 846190775255564308; Ryak#9708 (Ryak) with arguments ""

Error in Command: ping : Guild 844754896358998018; hexa testing server, Channel #general (844754897362485259) with exception 
	'DSharpPlus.CommandsNext.Exceptions.ChecksFailedException: One or more pre-execution checks failed.
	at DSharpPlus.CommandsNext.CommandsNextExtension.RunAllChecksAsync(Command cmd, CommandContext ctx)
	at DSharpPlus.CommandsNext.CommandsNextExtension.ExecuteCommandAsync(CommandContext ctx)'
by Member 846190775255564308; Ryak#9708 (Ryak) with arguments ""

Error in Command: ping : Guild 844754896358998018; hexa testing server, Channel #general (844754897362485259) with exception 
	'DSharpPlus.CommandsNext.Exceptions.ChecksFailedException: One or more pre-execution checks failed.
	at DSharpPlus.CommandsNext.CommandsNextExtension.RunAllChecksAsync(Command cmd, CommandContext ctx)
	at DSharpPlus.CommandsNext.CommandsNextExtension.ExecuteCommandAsync(CommandContext ctx)'
by Member 846190775255564308; Ryak#9708 (Ryak) with arguments ""

Executed Command: ping : Guild 844754896358998018; hexa testing server, Channel #general (844754897362485259);
by Member 846190775255564308; Ryak#9708 (Ryak) with arguments ""

Executed Command: ping : Guild 844754896358998018; hexa testing server, Channel #general (844754897362485259);
by Member 846190775255564308; Ryak#9708 (Ryak) with arguments ""

Executed Command: ping : Guild 844754896358998018; hexa testing server, Channel #general (844754897362485259);
by Member 846190775255564308; Ryak#9708 (Ryak) with arguments ""

Executed Command: ping : Guild 844754896358998018; hexa testing server, Channel #general (844754897362485259);
by Member 846190775255564308; Ryak#9708 (Ryak) with arguments ""

Error in  : Guild 844754896358998018; hexa testing server, Channel #general (844754897362485259) with exception 
	'DSharpPlus.CommandsNext.Exceptions.CommandNotFoundException: Specified command was not found.
Command name: ping-ping'
by Member 846190775255564308; Ryak#9708 (Ryak) with arguments ""

Executed Command: ping : Guild 844754896358998018; hexa testing server, Channel #general (844754897362485259);
by Member 846190775255564308; Ryak#9708 (Ryak) with arguments ""

Error in Command: ping : Guild 844754896358998018; hexa testing server, Channel #general (844754897362485259) with exception 
	'DSharpPlus.CommandsNext.Exceptions.ChecksFailedException: One or more pre-execution checks failed.
	at DSharpPlus.CommandsNext.CommandsNextExtension.RunAllChecksAsync(Command cmd, CommandContext ctx)
	at DSharpPlus.CommandsNext.CommandsNextExtension.ExecuteCommandAsync(CommandContext ctx)'
by Member 846190775255564308; Ryak#9708 (Ryak) with arguments ""

Error in Command: ping : Guild 844754896358998018; hexa testing server, Channel #general (844754897362485259) with exception 
	'DSharpPlus.CommandsNext.Exceptions.ChecksFailedException: One or more pre-execution checks failed.
	at DSharpPlus.CommandsNext.CommandsNextExtension.RunAllChecksAsync(Command cmd, CommandContext ctx)
	at DSharpPlus.CommandsNext.CommandsNextExtension.ExecuteCommandAsync(CommandContext ctx)'
by Member 846190775255564308; Ryak#9708 (Ryak) with arguments ""

Error in Command: ping : Guild 844754896358998018; hexa testing server, Channel #general (844754897362485259) with exception 
	'DSharpPlus.CommandsNext.Exceptions.ChecksFailedException: One or more pre-execution checks failed.
	at DSharpPlus.CommandsNext.CommandsNextExtension.RunAllChecksAsync(Command cmd, CommandContext ctx)
	at DSharpPlus.CommandsNext.CommandsNextExtension.ExecuteCommandAsync(CommandContext ctx)'
by Member 846190775255564308; Ryak#9708 (Ryak) with arguments ""

Executed Command: ping : Guild 844754896358998018; hexa testing server, Channel #general (844754897362485259);
by Member 846190775255564308; Ryak#9708 (Ryak) with arguments ""

Executed Command: ping : Guild 844754896358998018; hexa testing server, Channel #general (844754897362485259);
by Member 846190775255564308; Ryak#9708 (Ryak) with arguments ""

Executed Command: ping : Guild 844754896358998018; hexa testing server, Channel #general (844754897362485259);
by Member 846190775255564308; Ryak#9708 (Ryak) with arguments ""

Executed Command: autocomplete : , Channel 845310279595196416;
by User 524722785302609941; Nebula#8747 with arguments "A man has uncovered what appears to be an ancient tree in his backyard. It was described as resembling a modern-day oak tree, but lacked acorns and other defining characteristics of modern oaks."

